0 info it worked if it ends with ok
1 verbose cli [ 'E:\\nodejs\\node.exe',
1 verbose cli   'E:\\nodejs\\node_modules\\npm\\bin\\npm-cli.js',
1 verbose cli   'test' ]
2 info using npm@3.10.10
3 info using node@v6.10.3
4 verbose run-script [ 'pretest', 'test', 'posttest' ]
5 info lifecycle short-lnk@~pretest: short-lnk@
6 silly lifecycle short-lnk@~pretest: no script for pretest, continuing
7 info lifecycle short-lnk@~test: short-lnk@
8 verbose lifecycle short-lnk@~test: unsafe-perm in lifecycle true
9 verbose lifecycle short-lnk@~test: PATH: E:\nodejs\node_modules\npm\bin\node-gyp-bin;E:\Escritorio\webDevelopment\meteorcourse\notes\node_modules\.bin;C:\ProgramData\Oracle\Java\javapath;C:\WINDOWS\system32;C:\WINDOWS;C:\WINDOWS\System32\Wbem;C:\WINDOWS\System32\WindowsPowerShell\v1.0\;C:\Program Files\Common Files\Autodesk Shared\;C:\Program Files\Microsoft SQL Server\130\Tools\Binn\;E:\Git\cmd;C:\Program Files (x86)\GtkSharp\2.12\bin;C:\Program Files (x86)\NVIDIA Corporation\PhysX\Common;C:\Program Files (x86)\Windows Kits\10\Windows Performance Toolkit\;C:\Program Files\dotnet\;C:\WINDOWS\system32;C:\WINDOWS;C:\WINDOWS\System32\Wbem;C:\WINDOWS\System32\WindowsPowerShell\v1.0\;E:\apache-maven-3.5.0\bin;C:\Program Files (x86)\Skype\Phone\;E:\nodejs\;C:\Users\dande\AppData\Local\Microsoft\WindowsApps;C:\Users\dande\AppData\Roaming\npm;C:\Users\dande\AppData\Local\atom\bin;C:\Users\dande\AppData\Local\.meteor\;E:\Heroku\bin
10 verbose lifecycle short-lnk@~test: CWD: E:\Escritorio\webDevelopment\meteorcourse\notes
11 silly lifecycle short-lnk@~test: Args: [ '/d /s /c',
11 silly lifecycle   'meteor test --driver-package=practicalmeteor:mocha' ]
12 verbose stack Error: kill ENOSYS
12 verbose stack     at exports._errnoException (util.js:1018:11)
12 verbose stack     at process.kill (internal/process.js:190:13)
12 verbose stack     at process.listener (E:\nodejs\node_modules\npm\node_modules\npmlog\node_modules\gauge\node_modules\signal-exit\index.js:86:15)
12 verbose stack     at emitNone (events.js:91:20)
12 verbose stack     at process.emit (events.js:185:7)
12 verbose stack     at processEmit (E:\nodejs\node_modules\npm\node_modules\npmlog\node_modules\gauge\node_modules\signal-exit\index.js:146:32)
12 verbose stack     at processEmit (E:\nodejs\node_modules\npm\node_modules\npm-registry-client\node_modules\npmlog\node_modules\gauge\node_modules\signal-exit\index.js:146:32)
12 verbose stack     at Signal.wrap.onsignal (internal/process.js:217:44)
13 verbose cwd E:\Escritorio\webDevelopment\meteorcourse\notes
14 error Windows_NT 10.0.15063
15 error argv "E:\\nodejs\\node.exe" "E:\\nodejs\\node_modules\\npm\\bin\\npm-cli.js" "test"
16 error node v6.10.3
17 error npm  v3.10.10
18 error code ENOSYS
19 error errno ENOSYS
20 error syscall kill
21 error kill ENOSYS
22 error If you need help, you may report this error at:
22 error     <https://github.com/npm/npm/issues>
23 verbose exit [ 1, true ]
